2025-04-25 11:15:17 [INFO]: Login attempt with username: admin
2025-04-25 11:15:17 [INFO]: Login successful
2025-04-25 11:15:59 [INFO]: Login attempt with username: s
2025-04-25 11:15:59 [WARN]: Login failed
2025-04-28 12:11:31 [INFO]: Login attempt with username: admin
2025-04-28 12:11:31 [INFO]: Login successful
2025-04-28 16:19:00 [INFO]: Login attempt with username: admin
2025-04-28 16:19:00 [INFO]: Login successful
2025-04-28 16:19:01 [INFO]: Login attempt with username: admin
2025-04-28 16:19:01 [INFO]: Login successful
2025-05-02 00:06:56 [INFO]: Login attempt with username: admin
2025-05-02 00:06:56 [INFO]: Login successful
2025-05-02 00:08:26 [INFO]: Login attempt with username: admin
2025-05-02 00:08:26 [INFO]: Login successful
2025-05-02 00:09:45 [INFO]: Login attempt with username: sde
2025-05-02 00:09:45 [WARN]: Login failed
2025-05-02 13:24:47 [INFO]: Login attempt with username: admin
2025-05-02 13:24:47 [INFO]: Login successful
2025-05-02 14:47:33 [INFO]: Login attempt with username: admin
2025-05-02 14:47:33 [INFO]: Login successful
2025-05-02 16:50:58 [INFO]: Login attempt with username: swe
2025-05-02 16:50:58 [WARN]: Login failed
2025-05-02 19:52:17 [INFO]: Login attempt with username: admin
2025-05-02 19:52:17 [INFO]: Login successful
2025-05-02 19:53:04 [INFO]: Login attempt with username: ddew
2025-05-02 19:53:04 [WARN]: Login failed
2025-05-03 19:40:35 [INFO]: Login attempt with username: admin
2025-05-03 19:40:35 [INFO]: Login successful
2025-05-03 19:41:28 [INFO]: Login attempt with username: admin
2025-05-03 19:41:28 [INFO]: Login successful
2025-05-03 19:41:59 [INFO]: Login attempt with username: dff
2025-05-03 19:41:59 [WARN]: Login failed
2025-05-03 20:06:00 [INFO]: Login attempt with username: fsdfew
2025-05-03 20:06:00 [WARN]: Login failed
2025-05-03 20:23:55 [INFO]: Login attempt with username: dss
2025-05-03 20:23:55 [WARN]: Login failed
2025-05-03 21:28:23 [INFO]: Login attempt with username: mani
2025-05-03 21:28:23 [WARN]: Login failed
2025-05-03 21:41:09 [INFO]: Login attempt with username: dfd
2025-05-03 21:41:09 [WARN]: Login failed
2025-05-03 22:17:02 [INFO]: Login attempt with username: dfd
2025-05-03 22:17:02 [WARN]: Login failed
2025-05-04 17:26:33 [INFO]: Login attempt with username: dfe
2025-05-04 17:26:33 [WARN]: Login failed
2025-05-03 22:17:02 [WARN]: Login failed
2025-05-04 17:26:33 [INFO]: Login attempt with username: manibroo
2025-05-04 17:26:33 [WARN]: Login failed
2025-05-03 22:17:02 [WARN]: Login veda

